c:\users\landen\desktop\fortnite base\landenbase\x64\release\vc143.pdb
c:\users\landen\desktop\fortnite base\landenbase\x64\release\main.obj
c:\users\landen\desktop\fortnite base\landenbase\x64\release\imgui_widgets.obj
c:\users\landen\desktop\fortnite base\landenbase\x64\release\imgui_tables.obj
c:\users\landen\desktop\fortnite base\landenbase\x64\release\imgui_impl_win32.obj
c:\users\landen\desktop\fortnite base\landenbase\x64\release\imgui_impl_dx9.obj
c:\users\landen\desktop\fortnite base\landenbase\x64\release\imgui_draw.obj
c:\users\landen\desktop\fortnite base\landenbase\x64\release\imgui_demo.obj
c:\users\landen\desktop\fortnite base\landenbase\x64\release\imgui.obj
c:\users\landen\desktop\fortnite base\x64\release\landenbase.exe
c:\users\landen\desktop\fortnite base\x64\release\landenbase.pdb
c:\users\landen\desktop\fortnite base\landenbase\x64\release\direct.obj
c:\users\landen\desktop\fortnite base\landenbase\x64\release\landenbase.ipdb
c:\users\landen\desktop\fortnite base\landenbase\x64\release\landenbase.iobj
c:\users\landen\desktop\fortnite base\landenbase\x64\release\landenbase.tlog\cl.command.1.tlog
c:\users\landen\desktop\fortnite base\landenbase\x64\release\landenbase.tlog\cl.items.tlog
c:\users\landen\desktop\fortnite base\landenbase\x64\release\landenbase.tlog\cl.read.1.tlog
c:\users\landen\desktop\fortnite base\landenbase\x64\release\landenbase.tlog\cl.write.1.tlog
c:\users\landen\desktop\fortnite base\landenbase\x64\release\landenbase.tlog\link.command.1.tlog
c:\users\landen\desktop\fortnite base\landenbase\x64\release\landenbase.tlog\link.read.1.tlog
c:\users\landen\desktop\fortnite base\landenbase\x64\release\landenbase.tlog\link.secondary.1.tlog
c:\users\landen\desktop\fortnite base\landenbase\x64\release\landenbase.tlog\link.write.1.tlog
c:\users\landen\desktop\fortnite base\landenbase\x64\release\landenbase.tlog\masm.read.1u.tlog
c:\users\landen\desktop\fortnite base\landenbase\x64\release\landenbase.tlog\masm.write.1u.tlog
